2013-05-23 11:32:58.449 libraryAtlas[45478:c07] Multi-tasking -> Device: YES, App: YES
2013-05-23 11:32:58.523 libraryAtlas[45478:c07] Resetting plugins due to page load.
2013-05-23 11:32:58.614 libraryAtlas[45478:c07] Finished load of: file:///Users/station15/Library/Application%20Support/iPhone%20Simulator/6.1/Applications/5D9FB260-347F-4EB7-8724-6AF6B56ABA83/libraryAtlas.app/www/index.html
2013-05-23 11:32:58.713 libraryAtlas[45478:c07] DEPRECATION NOTICE: The Connection ReachableViaWWAN return value of '2g' is deprecated as of Cordova version 2.6.0 and will be changed to 'cellular' in a future release. 
2013-05-23 11:34:13.782 libraryAtlas[45541:c07] Multi-tasking -> Device: YES, App: YES
2013-05-23 11:34:13.831 libraryAtlas[45541:c07] Resetting plugins due to page load.
2013-05-23 11:34:13.888 libraryAtlas[45541:c07] Finished load of: file:///Users/station15/Library/Application%20Support/iPhone%20Simulator/6.1/Applications/5D9FB260-347F-4EB7-8724-6AF6B56ABA83/libraryAtlas.app/www/index.html
2013-05-23 11:34:13.911 libraryAtlas[45541:c07] DEPRECATION NOTICE: The Connection ReachableViaWWAN return value of '2g' is deprecated as of Cordova version 2.6.0 and will be changed to 'cellular' in a future release. 
2013-05-23 11:34:20.515 libraryAtlas[45563:c07] Multi-tasking -> Device: YES, App: YES
2013-05-23 11:34:20.564 libraryAtlas[45563:c07] Resetting plugins due to page load.
2013-05-23 11:34:20.608 libraryAtlas[45563:c07] Finished load of: file:///Users/station15/Library/Application%20Support/iPhone%20Simulator/6.1/Applications/5D9FB260-347F-4EB7-8724-6AF6B56ABA83/libraryAtlas.app/www/index.html
2013-05-23 11:34:20.628 libraryAtlas[45563:c07] DEPRECATION NOTICE: The Connection ReachableViaWWAN return value of '2g' is deprecated as of Cordova version 2.6.0 and will be changed to 'cellular' in a future release. 
2013-05-23 11:34:50.481 libraryAtlas[45892:c07] Multi-tasking -> Device: YES, App: YES
2013-05-23 11:34:50.530 libraryAtlas[45892:c07] Resetting plugins due to page load.
2013-05-23 11:34:50.572 libraryAtlas[45892:c07] Finished load of: file:///Users/station15/Library/Application%20Support/iPhone%20Simulator/6.1/Applications/5D9FB260-347F-4EB7-8724-6AF6B56ABA83/libraryAtlas.app/www/index.html
2013-05-23 11:34:50.593 libraryAtlas[45892:c07] DEPRECATION NOTICE: The Connection ReachableViaWWAN return value of '2g' is deprecated as of Cordova version 2.6.0 and will be changed to 'cellular' in a future release. 
2013-05-23 11:38:08.259 libraryAtlas[46329:c07] Multi-tasking -> Device: YES, App: YES
2013-05-23 11:38:08.307 libraryAtlas[46329:c07] Resetting plugins due to page load.
2013-05-23 11:38:08.351 libraryAtlas[46329:c07] Finished load of: file:///Users/station15/Library/Application%20Support/iPhone%20Simulator/6.1/Applications/5D9FB260-347F-4EB7-8724-6AF6B56ABA83/libraryAtlas.app/www/index.html
2013-05-23 11:38:08.371 libraryAtlas[46329:c07] DEPRECATION NOTICE: The Connection ReachableViaWWAN return value of '2g' is deprecated as of Cordova version 2.6.0 and will be changed to 'cellular' in a future release. 
2013-05-23 11:44:25.607 libraryAtlas[46871:c07] Multi-tasking -> Device: YES, App: YES
2013-05-23 11:44:25.667 libraryAtlas[46871:c07] Resetting plugins due to page load.
2013-05-23 11:44:25.725 libraryAtlas[46871:c07] Finished load of: file:///Users/station15/Library/Application%20Support/iPhone%20Simulator/6.1/Applications/5D9FB260-347F-4EB7-8724-6AF6B56ABA83/libraryAtlas.app/www/index.html
2013-05-23 11:44:25.750 libraryAtlas[46871:c07] DEPRECATION NOTICE: The Connection ReachableViaWWAN return value of '2g' is deprecated as of Cordova version 2.6.0 and will be changed to 'cellular' in a future release. 
2013-05-23 11:45:25.535 libraryAtlas[47216:c07] Multi-tasking -> Device: YES, App: YES
2013-05-23 11:45:25.582 libraryAtlas[47216:c07] Resetting plugins due to page load.
2013-05-23 11:45:25.624 libraryAtlas[47216:c07] Finished load of: file:///Users/station15/Library/Application%20Support/iPhone%20Simulator/6.1/Applications/5D9FB260-347F-4EB7-8724-6AF6B56ABA83/libraryAtlas.app/www/index.html
2013-05-23 11:45:25.645 libraryAtlas[47216:c07] DEPRECATION NOTICE: The Connection ReachableViaWWAN return value of '2g' is deprecated as of Cordova version 2.6.0 and will be changed to 'cellular' in a future release. 
2013-05-23 11:45:48.815 libraryAtlas[47249:c07] Multi-tasking -> Device: YES, App: YES
2013-05-23 11:45:48.862 libraryAtlas[47249:c07] Resetting plugins due to page load.
2013-05-23 11:45:48.905 libraryAtlas[47249:c07] Finished load of: file:///Users/station15/Library/Application%20Support/iPhone%20Simulator/6.1/Applications/5D9FB260-347F-4EB7-8724-6AF6B56ABA83/libraryAtlas.app/www/index.html
2013-05-23 11:45:48.925 libraryAtlas[47249:c07] DEPRECATION NOTICE: The Connection ReachableViaWWAN return value of '2g' is deprecated as of Cordova version 2.6.0 and will be changed to 'cellular' in a future release. 
2013-05-23 11:45:52.056 libraryAtlas[47269:c07] Multi-tasking -> Device: YES, App: YES
2013-05-23 11:45:52.104 libraryAtlas[47269:c07] Resetting plugins due to page load.
2013-05-23 11:45:52.146 libraryAtlas[47269:c07] Finished load of: file:///Users/station15/Library/Application%20Support/iPhone%20Simulator/6.1/Applications/5D9FB260-347F-4EB7-8724-6AF6B56ABA83/libraryAtlas.app/www/index.html
2013-05-23 11:45:52.168 libraryAtlas[47269:c07] DEPRECATION NOTICE: The Connection ReachableViaWWAN return value of '2g' is deprecated as of Cordova version 2.6.0 and will be changed to 'cellular' in a future release. 
2013-05-23 11:46:07.357 libraryAtlas[47588:c07] Multi-tasking -> Device: YES, App: YES
2013-05-23 11:46:07.407 libraryAtlas[47588:c07] Resetting plugins due to page load.
2013-05-23 11:46:07.450 libraryAtlas[47588:c07] Finished load of: file:///Users/station15/Library/Application%20Support/iPhone%20Simulator/6.1/Applications/5D9FB260-347F-4EB7-8724-6AF6B56ABA83/libraryAtlas.app/www/index.html
2013-05-23 11:46:07.470 libraryAtlas[47588:c07] DEPRECATION NOTICE: The Connection ReachableViaWWAN return value of '2g' is deprecated as of Cordova version 2.6.0 and will be changed to 'cellular' in a future release. 
2013-05-23 11:47:30.143 libraryAtlas[47953:c07] Multi-tasking -> Device: YES, App: YES
2013-05-23 11:47:30.190 libraryAtlas[47953:c07] Resetting plugins due to page load.
2013-05-23 11:47:30.232 libraryAtlas[47953:c07] Finished load of: file:///Users/station15/Library/Application%20Support/iPhone%20Simulator/6.1/Applications/5D9FB260-347F-4EB7-8724-6AF6B56ABA83/libraryAtlas.app/www/index.html
2013-05-23 11:47:30.254 libraryAtlas[47953:c07] DEPRECATION NOTICE: The Connection ReachableViaWWAN return value of '2g' is deprecated as of Cordova version 2.6.0 and will be changed to 'cellular' in a future release. 
2013-05-23 11:49:18.632 libraryAtlas[48336:c07] Multi-tasking -> Device: YES, App: YES
2013-05-23 11:49:18.681 libraryAtlas[48336:c07] Resetting plugins due to page load.
2013-05-23 11:49:18.728 libraryAtlas[48336:c07] Finished load of: file:///Users/station15/Library/Application%20Support/iPhone%20Simulator/6.1/Applications/5D9FB260-347F-4EB7-8724-6AF6B56ABA83/libraryAtlas.app/www/index.html
2013-05-23 11:49:18.752 libraryAtlas[48336:c07] DEPRECATION NOTICE: The Connection ReachableViaWWAN return value of '2g' is deprecated as of Cordova version 2.6.0 and will be changed to 'cellular' in a future release. 
2013-05-23 11:51:21.957 libraryAtlas[48424:c07] Multi-tasking -> Device: YES, App: YES
2013-05-23 11:51:22.006 libraryAtlas[48424:c07] Resetting plugins due to page load.
2013-05-23 11:51:22.049 libraryAtlas[48424:c07] Finished load of: file:///Users/station15/Library/Application%20Support/iPhone%20Simulator/6.1/Applications/5D9FB260-347F-4EB7-8724-6AF6B56ABA83/libraryAtlas.app/www/index.html
2013-05-23 11:51:22.071 libraryAtlas[48424:c07] DEPRECATION NOTICE: The Connection ReachableViaWWAN return value of '2g' is deprecated as of Cordova version 2.6.0 and will be changed to 'cellular' in a future release. 
2013-05-23 11:51:36.784 libraryAtlas[48752:c07] Multi-tasking -> Device: YES, App: YES
2013-05-23 11:51:36.830 libraryAtlas[48752:c07] Resetting plugins due to page load.
2013-05-23 11:51:36.873 libraryAtlas[48752:c07] Finished load of: file:///Users/station15/Library/Application%20Support/iPhone%20Simulator/6.1/Applications/5D9FB260-347F-4EB7-8724-6AF6B56ABA83/libraryAtlas.app/www/index.html
2013-05-23 11:51:36.895 libraryAtlas[48752:c07] DEPRECATION NOTICE: The Connection ReachableViaWWAN return value of '2g' is deprecated as of Cordova version 2.6.0 and will be changed to 'cellular' in a future release. 
2013-05-23 11:53:02.066 libraryAtlas[49121:c07] Multi-tasking -> Device: YES, App: YES
2013-05-23 11:53:02.113 libraryAtlas[49121:c07] Resetting plugins due to page load.
2013-05-23 11:53:02.158 libraryAtlas[49121:c07] Finished load of: file:///Users/station15/Library/Application%20Support/iPhone%20Simulator/6.1/Applications/5D9FB260-347F-4EB7-8724-6AF6B56ABA83/libraryAtlas.app/www/index.html
2013-05-23 11:53:02.179 libraryAtlas[49121:c07] DEPRECATION NOTICE: The Connection ReachableViaWWAN return value of '2g' is deprecated as of Cordova version 2.6.0 and will be changed to 'cellular' in a future release. 
2013-05-23 11:54:12.051 libraryAtlas[49475:c07] Multi-tasking -> Device: YES, App: YES
2013-05-23 11:54:12.098 libraryAtlas[49475:c07] Resetting plugins due to page load.
2013-05-23 11:54:12.141 libraryAtlas[49475:c07] Finished load of: file:///Users/station15/Library/Application%20Support/iPhone%20Simulator/6.1/Applications/5D9FB260-347F-4EB7-8724-6AF6B56ABA83/libraryAtlas.app/www/index.html
2013-05-23 11:54:12.163 libraryAtlas[49475:c07] DEPRECATION NOTICE: The Connection ReachableViaWWAN return value of '2g' is deprecated as of Cordova version 2.6.0 and will be changed to 'cellular' in a future release. 
2013-05-23 11:54:23.019 libraryAtlas[49497:c07] Multi-tasking -> Device: YES, App: YES
2013-05-23 11:54:23.067 libraryAtlas[49497:c07] Resetting plugins due to page load.
2013-05-23 11:54:23.109 libraryAtlas[49497:c07] Finished load of: file:///Users/station15/Library/Application%20Support/iPhone%20Simulator/6.1/Applications/5D9FB260-347F-4EB7-8724-6AF6B56ABA83/libraryAtlas.app/www/index.html
2013-05-23 11:54:23.130 libraryAtlas[49497:c07] DEPRECATION NOTICE: The Connection ReachableViaWWAN return value of '2g' is deprecated as of Cordova version 2.6.0 and will be changed to 'cellular' in a future release. 
2013-05-23 11:56:24.163 libraryAtlas[49893:c07] Multi-tasking -> Device: YES, App: YES
2013-05-23 11:56:24.249 libraryAtlas[49893:c07] Resetting plugins due to page load.
2013-05-23 11:56:24.303 libraryAtlas[49893:c07] Finished load of: file:///Users/station15/Library/Application%20Support/iPhone%20Simulator/6.1/Applications/5D9FB260-347F-4EB7-8724-6AF6B56ABA83/libraryAtlas.app/www/index.html
2013-05-23 11:56:24.342 libraryAtlas[49893:c07] DEPRECATION NOTICE: The Connection ReachableViaWWAN return value of '2g' is deprecated as of Cordova version 2.6.0 and will be changed to 'cellular' in a future release. 
2013-05-23 11:58:32.141 libraryAtlas[50283:c07] Multi-tasking -> Device: YES, App: YES
2013-05-23 11:58:32.187 libraryAtlas[50283:c07] Resetting plugins due to page load.
2013-05-23 11:58:32.236 libraryAtlas[50283:c07] Finished load of: file:///Users/station15/Library/Application%20Support/iPhone%20Simulator/6.1/Applications/5D9FB260-347F-4EB7-8724-6AF6B56ABA83/libraryAtlas.app/www/index.html
2013-05-23 11:58:32.258 libraryAtlas[50283:c07] DEPRECATION NOTICE: The Connection ReachableViaWWAN return value of '2g' is deprecated as of Cordova version 2.6.0 and will be changed to 'cellular' in a future release. 
2013-05-23 12:05:40.020 libraryAtlas[50836:c07] Multi-tasking -> Device: YES, App: YES
2013-05-23 12:05:40.071 libraryAtlas[50836:c07] Resetting plugins due to page load.
2013-05-23 12:05:40.114 libraryAtlas[50836:c07] Finished load of: file:///Users/station15/Library/Application%20Support/iPhone%20Simulator/6.1/Applications/5D9FB260-347F-4EB7-8724-6AF6B56ABA83/libraryAtlas.app/www/index.html
2013-05-23 12:05:40.134 libraryAtlas[50836:c07] DEPRECATION NOTICE: The Connection ReachableViaWWAN return value of '2g' is deprecated as of Cordova version 2.6.0 and will be changed to 'cellular' in a future release. 
2013-05-23 12:19:23.611 libraryAtlas[51629:c07] Multi-tasking -> Device: YES, App: YES
2013-05-23 12:19:23.659 libraryAtlas[51629:c07] Resetting plugins due to page load.
2013-05-23 12:19:23.700 libraryAtlas[51629:c07] Finished load of: file:///Users/station15/Library/Application%20Support/iPhone%20Simulator/6.1/Applications/5D9FB260-347F-4EB7-8724-6AF6B56ABA83/libraryAtlas.app/www/index.html
2013-05-23 12:19:23.722 libraryAtlas[51629:c07] DEPRECATION NOTICE: The Connection ReachableViaWWAN return value of '2g' is deprecated as of Cordova version 2.6.0 and will be changed to 'cellular' in a future release. 
2013-05-23 12:20:15.287 libraryAtlas[51973:c07] Multi-tasking -> Device: YES, App: YES
2013-05-23 12:20:15.384 libraryAtlas[51973:c07] Resetting plugins due to page load.
2013-05-23 12:20:15.480 libraryAtlas[51973:c07] Finished load of: file:///Users/station15/Library/Application%20Support/iPhone%20Simulator/6.1/Applications/5D9FB260-347F-4EB7-8724-6AF6B56ABA83/libraryAtlas.app/www/index.html
2013-05-23 12:20:15.505 libraryAtlas[51973:c07] DEPRECATION NOTICE: The Connection ReachableViaWWAN return value of '2g' is deprecated as of Cordova version 2.6.0 and will be changed to 'cellular' in a future release. 
2013-05-23 12:20:52.611 libraryAtlas[52310:c07] Multi-tasking -> Device: YES, App: YES
2013-05-23 12:20:52.659 libraryAtlas[52310:c07] Resetting plugins due to page load.
2013-05-23 12:20:52.702 libraryAtlas[52310:c07] Finished load of: file:///Users/station15/Library/Application%20Support/iPhone%20Simulator/6.1/Applications/5D9FB260-347F-4EB7-8724-6AF6B56ABA83/libraryAtlas.app/www/index.html
2013-05-23 12:20:52.722 libraryAtlas[52310:c07] DEPRECATION NOTICE: The Connection ReachableViaWWAN return value of '2g' is deprecated as of Cordova version 2.6.0 and will be changed to 'cellular' in a future release. 
2013-05-23 12:28:48.742 libraryAtlas[52310:2703] void SendDelegateMessage(NSInvocation *): delegate (webView:runJavaScriptAlertPanelWithMessage:initiatedByFrame:) failed to return after waiting 10 seconds. main run loop mode: kCFRunLoopDefaultMode
2013-05-23 13:47:10.562 libraryAtlas[52310:2703] void SendDelegateMessage(NSInvocation *): delegate (webView:runJavaScriptAlertPanelWithMessage:initiatedByFrame:) failed to return after waiting 10 seconds. main run loop mode: kCFRunLoopDefaultMode
2013-05-23 16:30:28.292 libraryAtlas[61182:c07] Multi-tasking -> Device: YES, App: YES
2013-05-23 16:30:28.353 libraryAtlas[61182:c07] Resetting plugins due to page load.
2013-05-23 16:30:28.397 libraryAtlas[61182:c07] Finished load of: file:///Users/station15/Library/Application%20Support/iPhone%20Simulator/6.1/Applications/5D9FB260-347F-4EB7-8724-6AF6B56ABA83/libraryAtlas.app/www/index.html
2013-05-23 16:30:28.418 libraryAtlas[61182:c07] DEPRECATION NOTICE: The Connection ReachableViaWWAN return value of '2g' is deprecated as of Cordova version 2.6.0 and will be changed to 'cellular' in a future release. 
2013-05-23 16:31:20.151 libraryAtlas[61357:c07] Multi-tasking -> Device: YES, App: YES
2013-05-23 16:31:20.238 libraryAtlas[61357:c07] Resetting plugins due to page load.
2013-05-23 16:31:20.298 libraryAtlas[61357:c07] Finished load of: file:///Users/station15/Library/Application%20Support/iPhone%20Simulator/6.1/Applications/5D9FB260-347F-4EB7-8724-6AF6B56ABA83/libraryAtlas.app/www/index.html
2013-05-23 16:31:20.353 libraryAtlas[61357:c07] DEPRECATION NOTICE: The Connection ReachableViaWWAN return value of '2g' is deprecated as of Cordova version 2.6.0 and will be changed to 'cellular' in a future release. 
2013-05-23 16:31:54.905 libraryAtlas[61524:c07] Multi-tasking -> Device: YES, App: YES
2013-05-23 16:31:54.970 libraryAtlas[61524:c07] Resetting plugins due to page load.
2013-05-23 16:31:55.020 libraryAtlas[61524:c07] Finished load of: file:///Users/station15/Library/Application%20Support/iPhone%20Simulator/6.1/Applications/5D9FB260-347F-4EB7-8724-6AF6B56ABA83/libraryAtlas.app/www/index.html
2013-05-23 16:31:55.043 libraryAtlas[61524:c07] DEPRECATION NOTICE: The Connection ReachableViaWWAN return value of '2g' is deprecated as of Cordova version 2.6.0 and will be changed to 'cellular' in a future release. 
2013-05-23 16:56:40.048 libraryAtlas[62743:c07] Multi-tasking -> Device: YES, App: YES
2013-05-23 16:56:40.106 libraryAtlas[62743:c07] Resetting plugins due to page load.
2013-05-23 16:56:40.138 libraryAtlas[62743:c07] Finished load of: file:///Users/station15/Library/Application%20Support/iPhone%20Simulator/6.1/Applications/5D9FB260-347F-4EB7-8724-6AF6B56ABA83/libraryAtlas.app/www/index.html
2013-05-23 16:56:40.157 libraryAtlas[62743:c07] DEPRECATION NOTICE: The Connection ReachableViaWWAN return value of '2g' is deprecated as of Cordova version 2.6.0 and will be changed to 'cellular' in a future release. 
2013-05-23 16:56:46.329 libraryAtlas[62765:c07] Multi-tasking -> Device: YES, App: YES
2013-05-23 16:56:46.375 libraryAtlas[62765:c07] Resetting plugins due to page load.
2013-05-23 16:56:46.417 libraryAtlas[62765:c07] Finished load of: file:///Users/station15/Library/Application%20Support/iPhone%20Simulator/6.1/Applications/5D9FB260-347F-4EB7-8724-6AF6B56ABA83/libraryAtlas.app/www/index.html
2013-05-23 16:56:46.438 libraryAtlas[62765:c07] DEPRECATION NOTICE: The Connection ReachableViaWWAN return value of '2g' is deprecated as of Cordova version 2.6.0 and will be changed to 'cellular' in a future release. 
2013-05-23 16:56:52.268 libraryAtlas[62783:c07] Multi-tasking -> Device: YES, App: YES
2013-05-23 16:56:52.314 libraryAtlas[62783:c07] Resetting plugins due to page load.
2013-05-23 16:56:52.358 libraryAtlas[62783:c07] Finished load of: file:///Users/station15/Library/Application%20Support/iPhone%20Simulator/6.1/Applications/5D9FB260-347F-4EB7-8724-6AF6B56ABA83/libraryAtlas.app/www/index.html
2013-05-23 16:56:52.378 libraryAtlas[62783:c07] DEPRECATION NOTICE: The Connection ReachableViaWWAN return value of '2g' is deprecated as of Cordova version 2.6.0 and will be changed to 'cellular' in a future release. 
